{"C:\\Users\\VISHAL\\Desktop\\vishal\\Sweet-Shop-Management-System\\sweet-shop-backend\\src\\app.js": {"path":"C:\\Users\\VISHAL\\Desktop\\vishal\\Sweet-Shop-Management-System\\sweet-shop-backend\\src\\app.js","statementMap":{"0":{"start":{"line":4,"column":16},"end":{"line":4,"column":34}},"1":{"start":{"line":5,"column":13},"end":{"line":5,"column":28}},"2":{"start":{"line":6,"column":19},"end":{"line":6,"column":49}},"3":{"start":{"line":7,"column":20},"end":{"line":7,"column":51}},"4":{"start":{"line":8,"column":21},"end":{"line":8,"column":57}},"5":{"start":{"line":10,"column":12},"end":{"line":10,"column":21}},"6":{"start":{"line":12,"column":0},"end":{"line":12,"column":16}},"7":{"start":{"line":13,"column":0},"end":{"line":13,"column":24}},"8":{"start":{"line":15,"column":0},"end":{"line":17,"column":3}},"9":{"start":{"line":16,"column":2},"end":{"line":16,"column":42}},"10":{"start":{"line":19,"column":0},"end":{"line":19,"column":33}},"11":{"start":{"line":20,"column":0},"end":{"line":20,"column":36}},"12":{"start":{"line":21,"column":0},"end":{"line":21,"column":22}},"13":{"start":{"line":23,"column":0},"end":{"line":23,"column":21}}},"fnMap":{"0":{"name":"(anonymous_0)","decl":{"start":{"line":15,"column":13},"end":{"line":15,"column":14}},"loc":{"start":{"line":15,"column":27},"end":{"line":17,"column":1}},"line":15}},"branchMap":{},"s":{"0":2,"1":2,"2":2,"3":2,"4":2,"5":2,"6":2,"7":2,"8":2,"9":0,"10":2,"11":2,"12":2,"13":2},"f":{"0":0},"b":{},"_coverageSchema":"1a1c01bbd47fc00a2c39e90264f33305004495a9","hash":"8c446a90a499ab49310a77ed3d6098820d7e95da"}
,"C:\\Users\\VISHAL\\Desktop\\vishal\\Sweet-Shop-Management-System\\sweet-shop-backend\\src\\config\\db.js": {"path":"C:\\Users\\VISHAL\\Desktop\\vishal\\Sweet-Shop-Management-System\\sweet-shop-backend\\src\\config\\db.js","statementMap":{"0":{"start":{"line":1,"column":17},"end":{"line":1,"column":36}},"1":{"start":{"line":3,"column":18},"end":{"line":15,"column":1}},"2":{"start":{"line":4,"column":2},"end":{"line":14,"column":3}},"3":{"start":{"line":5,"column":16},"end":{"line":5,"column":37}},"4":{"start":{"line":6,"column":4},"end":{"line":8,"column":5}},"5":{"start":{"line":7,"column":6},"end":{"line":7,"column":50}},"6":{"start":{"line":9,"column":4},"end":{"line":9,"column":32}},"7":{"start":{"line":10,"column":4},"end":{"line":10,"column":37}},"8":{"start":{"line":12,"column":4},"end":{"line":12,"column":60}},"9":{"start":{"line":13,"column":4},"end":{"line":13,"column":20}},"10":{"start":{"line":17,"column":0},"end":{"line":17,"column":27}}},"fnMap":{"0":{"name":"(anonymous_0)","decl":{"start":{"line":3,"column":18},"end":{"line":3,"column":19}},"loc":{"start":{"line":3,"column":30},"end":{"line":15,"column":1}},"line":3}},"branchMap":{"0":{"loc":{"start":{"line":6,"column":4},"end":{"line":8,"column":5}},"type":"if","locations":[{"start":{"line":6,"column":4},"end":{"line":8,"column":5}},{"start":{},"end":{}}],"line":6}},"s":{"0":2,"1":2,"2":2,"3":2,"4":2,"5":0,"6":2,"7":2,"8":0,"9":0,"10":2},"f":{"0":2},"b":{"0":[0,2]},"_coverageSchema":"1a1c01bbd47fc00a2c39e90264f33305004495a9","hash":"13673d3d127f763c258493663b1b22dd274eb274"}
,"C:\\Users\\VISHAL\\Desktop\\vishal\\Sweet-Shop-Management-System\\sweet-shop-backend\\src\\controllers\\authController.js": {"path":"C:\\Users\\VISHAL\\Desktop\\vishal\\Sweet-Shop-Management-System\\sweet-shop-backend\\src\\controllers\\authController.js","statementMap":{"0":{"start":{"line":1,"column":13},"end":{"line":1,"column":38}},"1":{"start":{"line":2,"column":22},"end":{"line":2,"column":55}},"2":{"start":{"line":6,"column":2},"end":{"line":35,"column":3}},"3":{"start":{"line":7,"column":44},"end":{"line":7,"column":52}},"4":{"start":{"line":9,"column":4},"end":{"line":11,"column":5}},"5":{"start":{"line":10,"column":6},"end":{"line":10,"column":74}},"6":{"start":{"line":13,"column":19},"end":{"line":13,"column":48}},"7":{"start":{"line":14,"column":4},"end":{"line":16,"column":5}},"8":{"start":{"line":15,"column":6},"end":{"line":15,"column":75}},"9":{"start":{"line":18,"column":17},"end":{"line":23,"column":6}},"10":{"start":{"line":25,"column":4},"end":{"line":31,"column":7}},"11":{"start":{"line":34,"column":4},"end":{"line":34,"column":14}},"12":{"start":{"line":39,"column":2},"end":{"line":60,"column":3}},"13":{"start":{"line":40,"column":32},"end":{"line":40,"column":40}},"14":{"start":{"line":41,"column":4},"end":{"line":43,"column":5}},"15":{"start":{"line":42,"column":6},"end":{"line":42,"column":70}},"16":{"start":{"line":45,"column":17},"end":{"line":45,"column":46}},"17":{"start":{"line":46,"column":4},"end":{"line":48,"column":5}},"18":{"start":{"line":47,"column":6},"end":{"line":47,"column":76}},"19":{"start":{"line":50,"column":4},"end":{"line":56,"column":7}},"20":{"start":{"line":59,"column":4},"end":{"line":59,"column":14}},"21":{"start":{"line":63,"column":0},"end":{"line":63,"column":37}}},"fnMap":{"0":{"name":"register","decl":{"start":{"line":5,"column":15},"end":{"line":5,"column":23}},"loc":{"start":{"line":5,"column":40},"end":{"line":36,"column":1}},"line":5},"1":{"name":"login","decl":{"start":{"line":38,"column":15},"end":{"line":38,"column":20}},"loc":{"start":{"line":38,"column":37},"end":{"line":61,"column":1}},"line":38}},"branchMap":{"0":{"loc":{"start":{"line":9,"column":4},"end":{"line":11,"column":5}},"type":"if","locations":[{"start":{"line":9,"column":4},"end":{"line":11,"column":5}},{"start":{},"end":{}}],"line":9},"1":{"loc":{"start":{"line":9,"column":8},"end":{"line":9,"column":36}},"type":"binary-expr","locations":[{"start":{"line":9,"column":8},"end":{"line":9,"column":13}},{"start":{"line":9,"column":17},"end":{"line":9,"column":23}},{"start":{"line":9,"column":27},"end":{"line":9,"column":36}}],"line":9},"2":{"loc":{"start":{"line":14,"column":4},"end":{"line":16,"column":5}},"type":"if","locations":[{"start":{"line":14,"column":4},"end":{"line":16,"column":5}},{"start":{},"end":{}}],"line":14},"3":{"loc":{"start":{"line":22,"column":12},"end":{"line":22,"column":47}},"type":"cond-expr","locations":[{"start":{"line":22,"column":31},"end":{"line":22,"column":38}},{"start":{"line":22,"column":41},"end":{"line":22,"column":47}}],"line":22},"4":{"loc":{"start":{"line":41,"column":4},"end":{"line":43,"column":5}},"type":"if","locations":[{"start":{"line":41,"column":4},"end":{"line":43,"column":5}},{"start":{},"end":{}}],"line":41},"5":{"loc":{"start":{"line":41,"column":8},"end":{"line":41,"column":27}},"type":"binary-expr","locations":[{"start":{"line":41,"column":8},"end":{"line":41,"column":14}},{"start":{"line":41,"column":18},"end":{"line":41,"column":27}}],"line":41},"6":{"loc":{"start":{"line":46,"column":4},"end":{"line":48,"column":5}},"type":"if","locations":[{"start":{"line":46,"column":4},"end":{"line":48,"column":5}},{"start":{},"end":{}}],"line":46},"7":{"loc":{"start":{"line":46,"column":8},"end":{"line":46,"column":54}},"type":"binary-expr","locations":[{"start":{"line":46,"column":8},"end":{"line":46,"column":13}},{"start":{"line":46,"column":17},"end":{"line":46,"column":54}}],"line":46}},"s":{"0":2,"1":2,"2":2,"3":2,"4":2,"5":0,"6":2,"7":2,"8":1,"9":1,"10":1,"11":0,"12":1,"13":1,"14":1,"15":0,"16":1,"17":1,"18":0,"19":1,"20":0,"21":2},"f":{"0":2,"1":1},"b":{"0":[0,2],"1":[2,2,2],"2":[1,1],"3":[0,1],"4":[0,1],"5":[1,1],"6":[0,1],"7":[1,1]},"_coverageSchema":"1a1c01bbd47fc00a2c39e90264f33305004495a9","hash":"1883771b4afde21ed4b2f9a056cf2479c1800fb6"}
,"C:\\Users\\VISHAL\\Desktop\\vishal\\Sweet-Shop-Management-System\\sweet-shop-backend\\src\\controllers\\sweetController.js": {"path":"C:\\Users\\VISHAL\\Desktop\\vishal\\Sweet-Shop-Management-System\\sweet-shop-backend\\src\\controllers\\sweetController.js","statementMap":{"0":{"start":{"line":1,"column":14},"end":{"line":1,"column":40}},"1":{"start":{"line":4,"column":2},"end":{"line":29,"column":3}},"2":{"start":{"line":5,"column":71},"end":{"line":5,"column":79}},"3":{"start":{"line":7,"column":4},"end":{"line":9,"column":5}},"4":{"start":{"line":8,"column":6},"end":{"line":8,"column":74}},"5":{"start":{"line":11,"column":21},"end":{"line":11,"column":50}},"6":{"start":{"line":12,"column":4},"end":{"line":14,"column":5}},"7":{"start":{"line":13,"column":6},"end":{"line":13,"column":86}},"8":{"start":{"line":16,"column":18},"end":{"line":23,"column":6}},"9":{"start":{"line":25,"column":4},"end":{"line":25,"column":32}},"10":{"start":{"line":27,"column":4},"end":{"line":27,"column":54}},"11":{"start":{"line":28,"column":4},"end":{"line":28,"column":54}},"12":{"start":{"line":33,"column":2},"end":{"line":39,"column":3}},"13":{"start":{"line":34,"column":19},"end":{"line":34,"column":61}},"14":{"start":{"line":35,"column":4},"end":{"line":35,"column":21}},"15":{"start":{"line":37,"column":4},"end":{"line":37,"column":52}},"16":{"start":{"line":38,"column":4},"end":{"line":38,"column":54}},"17":{"start":{"line":43,"column":2},"end":{"line":75,"column":3}},"18":{"start":{"line":45,"column":51},"end":{"line":45,"column":60}},"19":{"start":{"line":48,"column":19},"end":{"line":48,"column":21}},"20":{"start":{"line":52,"column":4},"end":{"line":54,"column":5}},"21":{"start":{"line":53,"column":6},"end":{"line":53,"column":25}},"22":{"start":{"line":58,"column":4},"end":{"line":60,"column":5}},"23":{"start":{"line":59,"column":6},"end":{"line":59,"column":33}},"24":{"start":{"line":63,"column":4},"end":{"line":67,"column":5}},"25":{"start":{"line":64,"column":6},"end":{"line":64,"column":24}},"26":{"start":{"line":65,"column":6},"end":{"line":65,"column":57}},"27":{"start":{"line":65,"column":20},"end":{"line":65,"column":57}},"28":{"start":{"line":66,"column":6},"end":{"line":66,"column":57}},"29":{"start":{"line":66,"column":20},"end":{"line":66,"column":57}},"30":{"start":{"line":70,"column":19},"end":{"line":70,"column":43}},"31":{"start":{"line":71,"column":4},"end":{"line":71,"column":21}},"32":{"start":{"line":73,"column":4},"end":{"line":73,"column":55}},"33":{"start":{"line":74,"column":4},"end":{"line":74,"column":54}},"34":{"start":{"line":79,"column":2},"end":{"line":92,"column":3}},"35":{"start":{"line":80,"column":19},"end":{"line":80,"column":29}},"36":{"start":{"line":81,"column":20},"end":{"line":81,"column":28}},"37":{"start":{"line":83,"column":18},"end":{"line":83,"column":75}},"38":{"start":{"line":84,"column":4},"end":{"line":86,"column":5}},"39":{"start":{"line":85,"column":6},"end":{"line":85,"column":66}},"40":{"start":{"line":88,"column":4},"end":{"line":88,"column":20}},"41":{"start":{"line":90,"column":4},"end":{"line":90,"column":54}},"42":{"start":{"line":91,"column":4},"end":{"line":91,"column":54}},"43":{"start":{"line":96,"column":2},"end":{"line":106,"column":3}},"44":{"start":{"line":97,"column":19},"end":{"line":97,"column":29}},"45":{"start":{"line":98,"column":18},"end":{"line":98,"column":51}},"46":{"start":{"line":99,"column":4},"end":{"line":101,"column":5}},"47":{"start":{"line":100,"column":6},"end":{"line":100,"column":66}},"48":{"start":{"line":102,"column":4},"end":{"line":102,"column":27}},"49":{"start":{"line":104,"column":4},"end":{"line":104,"column":54}},"50":{"start":{"line":105,"column":4},"end":{"line":105,"column":54}},"51":{"start":{"line":110,"column":2},"end":{"line":130,"column":3}},"52":{"start":{"line":111,"column":19},"end":{"line":111,"column":29}},"53":{"start":{"line":112,"column":25},"end":{"line":112,"column":33}},"54":{"start":{"line":113,"column":16},"end":{"line":113,"column":37}},"55":{"start":{"line":115,"column":18},"end":{"line":115,"column":42}},"56":{"start":{"line":116,"column":4},"end":{"line":118,"column":5}},"57":{"start":{"line":117,"column":6},"end":{"line":117,"column":66}},"58":{"start":{"line":119,"column":4},"end":{"line":121,"column":5}},"59":{"start":{"line":120,"column":6},"end":{"line":120,"column":67}},"60":{"start":{"line":123,"column":4},"end":{"line":123,"column":26}},"61":{"start":{"line":124,"column":4},"end":{"line":124,"column":23}},"62":{"start":{"line":126,"column":4},"end":{"line":126,"column":20}},"63":{"start":{"line":128,"column":4},"end":{"line":128,"column":56}},"64":{"start":{"line":129,"column":4},"end":{"line":129,"column":54}},"65":{"start":{"line":134,"column":2},"end":{"line":151,"column":3}},"66":{"start":{"line":135,"column":19},"end":{"line":135,"column":29}},"67":{"start":{"line":136,"column":25},"end":{"line":136,"column":33}},"68":{"start":{"line":137,"column":16},"end":{"line":137,"column":37}},"69":{"start":{"line":139,"column":18},"end":{"line":139,"column":42}},"70":{"start":{"line":140,"column":4},"end":{"line":142,"column":5}},"71":{"start":{"line":141,"column":6},"end":{"line":141,"column":66}},"72":{"start":{"line":144,"column":4},"end":{"line":144,"column":26}},"73":{"start":{"line":145,"column":4},"end":{"line":145,"column":23}},"74":{"start":{"line":147,"column":4},"end":{"line":147,"column":20}},"75":{"start":{"line":149,"column":4},"end":{"line":149,"column":55}},"76":{"start":{"line":150,"column":4},"end":{"line":150,"column":54}},"77":{"start":{"line":154,"column":0},"end":{"line":162,"column":2}}},"fnMap":{"0":{"name":"createSweet","decl":{"start":{"line":3,"column":15},"end":{"line":3,"column":26}},"loc":{"start":{"line":3,"column":37},"end":{"line":30,"column":1}},"line":3},"1":{"name":"getSweets","decl":{"start":{"line":32,"column":15},"end":{"line":32,"column":24}},"loc":{"start":{"line":32,"column":35},"end":{"line":40,"column":1}},"line":32},"2":{"name":"searchSweets","decl":{"start":{"line":42,"column":15},"end":{"line":42,"column":27}},"loc":{"start":{"line":42,"column":38},"end":{"line":76,"column":1}},"line":42},"3":{"name":"updateSweet","decl":{"start":{"line":78,"column":15},"end":{"line":78,"column":26}},"loc":{"start":{"line":78,"column":37},"end":{"line":93,"column":1}},"line":78},"4":{"name":"deleteSweet","decl":{"start":{"line":95,"column":15},"end":{"line":95,"column":26}},"loc":{"start":{"line":95,"column":37},"end":{"line":107,"column":1}},"line":95},"5":{"name":"purchaseSweet","decl":{"start":{"line":109,"column":15},"end":{"line":109,"column":28}},"loc":{"start":{"line":109,"column":39},"end":{"line":131,"column":1}},"line":109},"6":{"name":"restockSweet","decl":{"start":{"line":133,"column":15},"end":{"line":133,"column":27}},"loc":{"start":{"line":133,"column":38},"end":{"line":152,"column":1}},"line":133}},"branchMap":{"0":{"loc":{"start":{"line":7,"column":4},"end":{"line":9,"column":5}},"type":"if","locations":[{"start":{"line":7,"column":4},"end":{"line":9,"column":5}},{"start":{},"end":{}}],"line":7},"1":{"loc":{"start":{"line":7,"column":8},"end":{"line":7,"column":63}},"type":"binary-expr","locations":[{"start":{"line":7,"column":8},"end":{"line":7,"column":13}},{"start":{"line":7,"column":17},"end":{"line":7,"column":26}},{"start":{"line":7,"column":30},"end":{"line":7,"column":43}},{"start":{"line":7,"column":47},"end":{"line":7,"column":63}}],"line":7},"2":{"loc":{"start":{"line":12,"column":4},"end":{"line":14,"column":5}},"type":"if","locations":[{"start":{"line":12,"column":4},"end":{"line":14,"column":5}},{"start":{},"end":{}}],"line":12},"3":{"loc":{"start":{"line":52,"column":4},"end":{"line":54,"column":5}},"type":"if","locations":[{"start":{"line":52,"column":4},"end":{"line":54,"column":5}},{"start":{},"end":{}}],"line":52},"4":{"loc":{"start":{"line":58,"column":4},"end":{"line":60,"column":5}},"type":"if","locations":[{"start":{"line":58,"column":4},"end":{"line":60,"column":5}},{"start":{},"end":{}}],"line":58},"5":{"loc":{"start":{"line":63,"column":4},"end":{"line":67,"column":5}},"type":"if","locations":[{"start":{"line":63,"column":4},"end":{"line":67,"column":5}},{"start":{},"end":{}}],"line":63},"6":{"loc":{"start":{"line":63,"column":8},"end":{"line":63,"column":28}},"type":"binary-expr","locations":[{"start":{"line":63,"column":8},"end":{"line":63,"column":16}},{"start":{"line":63,"column":20},"end":{"line":63,"column":28}}],"line":63},"7":{"loc":{"start":{"line":65,"column":6},"end":{"line":65,"column":57}},"type":"if","locations":[{"start":{"line":65,"column":6},"end":{"line":65,"column":57}},{"start":{},"end":{}}],"line":65},"8":{"loc":{"start":{"line":66,"column":6},"end":{"line":66,"column":57}},"type":"if","locations":[{"start":{"line":66,"column":6},"end":{"line":66,"column":57}},{"start":{},"end":{}}],"line":66},"9":{"loc":{"start":{"line":84,"column":4},"end":{"line":86,"column":5}},"type":"if","locations":[{"start":{"line":84,"column":4},"end":{"line":86,"column":5}},{"start":{},"end":{}}],"line":84},"10":{"loc":{"start":{"line":99,"column":4},"end":{"line":101,"column":5}},"type":"if","locations":[{"start":{"line":99,"column":4},"end":{"line":101,"column":5}},{"start":{},"end":{}}],"line":99},"11":{"loc":{"start":{"line":113,"column":16},"end":{"line":113,"column":37}},"type":"binary-expr","locations":[{"start":{"line":113,"column":16},"end":{"line":113,"column":32}},{"start":{"line":113,"column":36},"end":{"line":113,"column":37}}],"line":113},"12":{"loc":{"start":{"line":116,"column":4},"end":{"line":118,"column":5}},"type":"if","locations":[{"start":{"line":116,"column":4},"end":{"line":118,"column":5}},{"start":{},"end":{}}],"line":116},"13":{"loc":{"start":{"line":119,"column":4},"end":{"line":121,"column":5}},"type":"if","locations":[{"start":{"line":119,"column":4},"end":{"line":121,"column":5}},{"start":{},"end":{}}],"line":119},"14":{"loc":{"start":{"line":137,"column":16},"end":{"line":137,"column":37}},"type":"binary-expr","locations":[{"start":{"line":137,"column":16},"end":{"line":137,"column":32}},{"start":{"line":137,"column":36},"end":{"line":137,"column":37}}],"line":137},"15":{"loc":{"start":{"line":140,"column":4},"end":{"line":142,"column":5}},"type":"if","locations":[{"start":{"line":140,"column":4},"end":{"line":142,"column":5}},{"start":{},"end":{}}],"line":140}},"s":{"0":2,"1":2,"2":2,"3":2,"4":0,"5":2,"6":2,"7":0,"8":2,"9":2,"10":0,"11":0,"12":3,"13":3,"14":3,"15":0,"16":0,"17":1,"18":1,"19":1,"20":1,"21":1,"22":1,"23":0,"24":1,"25":0,"26":0,"27":0,"28":0,"29":0,"30":1,"31":1,"32":0,"33":0,"34":1,"35":1,"36":1,"37":1,"38":1,"39":0,"40":1,"41":0,"42":0,"43":1,"44":1,"45":1,"46":1,"47":0,"48":1,"49":0,"50":0,"51":0,"52":0,"53":0,"54":0,"55":0,"56":0,"57":0,"58":0,"59":0,"60":0,"61":0,"62":0,"63":0,"64":0,"65":0,"66":0,"67":0,"68":0,"69":0,"70":0,"71":0,"72":0,"73":0,"74":0,"75":0,"76":0,"77":2},"f":{"0":2,"1":3,"2":1,"3":1,"4":1,"5":0,"6":0},"b":{"0":[0,2],"1":[2,2,2,2],"2":[0,2],"3":[1,0],"4":[0,1],"5":[0,1],"6":[1,1],"7":[0,0],"8":[0,0],"9":[0,1],"10":[0,1],"11":[0,0],"12":[0,0],"13":[0,0],"14":[0,0],"15":[0,0]},"_coverageSchema":"1a1c01bbd47fc00a2c39e90264f33305004495a9","hash":"4a35a9b62e5d7e1eb996cdd00514142a3a012f73"}
,"C:\\Users\\VISHAL\\Desktop\\vishal\\Sweet-Shop-Management-System\\sweet-shop-backend\\src\\middleware\\auth.js": {"path":"C:\\Users\\VISHAL\\Desktop\\vishal\\Sweet-Shop-Management-System\\sweet-shop-backend\\src\\middleware\\auth.js","statementMap":{"0":{"start":{"line":1,"column":12},"end":{"line":1,"column":35}},"1":{"start":{"line":2,"column":13},"end":{"line":2,"column":38}},"2":{"start":{"line":5,"column":14},"end":{"line":5,"column":18}},"3":{"start":{"line":7,"column":21},"end":{"line":7,"column":46}},"4":{"start":{"line":8,"column":2},"end":{"line":10,"column":3}},"5":{"start":{"line":9,"column":4},"end":{"line":9,"column":37}},"6":{"start":{"line":12,"column":2},"end":{"line":14,"column":3}},"7":{"start":{"line":13,"column":4},"end":{"line":13,"column":73}},"8":{"start":{"line":16,"column":2},"end":{"line":27,"column":3}},"9":{"start":{"line":17,"column":20},"end":{"line":17,"column":61}},"10":{"start":{"line":18,"column":17},"end":{"line":18,"column":68}},"11":{"start":{"line":19,"column":4},"end":{"line":21,"column":5}},"12":{"start":{"line":20,"column":6},"end":{"line":20,"column":65}},"13":{"start":{"line":22,"column":4},"end":{"line":22,"column":20}},"14":{"start":{"line":23,"column":4},"end":{"line":23,"column":11}},"15":{"start":{"line":25,"column":4},"end":{"line":25,"column":46}},"16":{"start":{"line":26,"column":4},"end":{"line":26,"column":70}},"17":{"start":{"line":30,"column":0},"end":{"line":30,"column":25}}},"fnMap":{"0":{"name":"protect","decl":{"start":{"line":4,"column":15},"end":{"line":4,"column":22}},"loc":{"start":{"line":4,"column":39},"end":{"line":28,"column":1}},"line":4}},"branchMap":{"0":{"loc":{"start":{"line":8,"column":2},"end":{"line":10,"column":3}},"type":"if","locations":[{"start":{"line":8,"column":2},"end":{"line":10,"column":3}},{"start":{},"end":{}}],"line":8},"1":{"loc":{"start":{"line":8,"column":6},"end":{"line":8,"column":52}},"type":"binary-expr","locations":[{"start":{"line":8,"column":6},"end":{"line":8,"column":16}},{"start":{"line":8,"column":20},"end":{"line":8,"column":52}}],"line":8},"2":{"loc":{"start":{"line":12,"column":2},"end":{"line":14,"column":3}},"type":"if","locations":[{"start":{"line":12,"column":2},"end":{"line":14,"column":3}},{"start":{},"end":{}}],"line":12},"3":{"loc":{"start":{"line":19,"column":4},"end":{"line":21,"column":5}},"type":"if","locations":[{"start":{"line":19,"column":4},"end":{"line":21,"column":5}},{"start":{},"end":{}}],"line":19}},"s":{"0":2,"1":2,"2":9,"3":9,"4":9,"5":8,"6":9,"7":1,"8":8,"9":8,"10":8,"11":8,"12":0,"13":8,"14":8,"15":0,"16":0,"17":2},"f":{"0":9},"b":{"0":[8,1],"1":[9,8],"2":[1,8],"3":[0,8]},"_coverageSchema":"1a1c01bbd47fc00a2c39e90264f33305004495a9","hash":"a66e50bb67d176c2207d71564030e7518cfba534"}
,"C:\\Users\\VISHAL\\Desktop\\vishal\\Sweet-Shop-Management-System\\sweet-shop-backend\\src\\middleware\\errorHandler.js": {"path":"C:\\Users\\VISHAL\\Desktop\\vishal\\Sweet-Shop-Management-System\\sweet-shop-backend\\src\\middleware\\errorHandler.js","statementMap":{"0":{"start":{"line":2,"column":2},"end":{"line":2,"column":21}},"1":{"start":{"line":3,"column":17},"end":{"line":3,"column":62}},"2":{"start":{"line":4,"column":2},"end":{"line":6,"column":5}},"3":{"start":{"line":9,"column":0},"end":{"line":9,"column":30}}},"fnMap":{"0":{"name":"errorHandler","decl":{"start":{"line":1,"column":9},"end":{"line":1,"column":21}},"loc":{"start":{"line":1,"column":43},"end":{"line":7,"column":1}},"line":1}},"branchMap":{"0":{"loc":{"start":{"line":3,"column":17},"end":{"line":3,"column":62}},"type":"cond-expr","locations":[{"start":{"line":3,"column":42},"end":{"line":3,"column":56}},{"start":{"line":3,"column":59},"end":{"line":3,"column":62}}],"line":3},"1":{"loc":{"start":{"line":5,"column":13},"end":{"line":5,"column":42}},"type":"binary-expr","locations":[{"start":{"line":5,"column":13},"end":{"line":5,"column":24}},{"start":{"line":5,"column":28},"end":{"line":5,"column":42}}],"line":5}},"s":{"0":0,"1":0,"2":0,"3":2},"f":{"0":0},"b":{"0":[0,0],"1":[0,0]},"_coverageSchema":"1a1c01bbd47fc00a2c39e90264f33305004495a9","hash":"dc192fdc73da778b5259fe3261659d92a1256393"}
,"C:\\Users\\VISHAL\\Desktop\\vishal\\Sweet-Shop-Management-System\\sweet-shop-backend\\src\\middleware\\isAdmin.js": {"path":"C:\\Users\\VISHAL\\Desktop\\vishal\\Sweet-Shop-Management-System\\sweet-shop-backend\\src\\middleware\\isAdmin.js","statementMap":{"0":{"start":{"line":2,"column":2},"end":{"line":4,"column":3}},"1":{"start":{"line":3,"column":4},"end":{"line":3,"column":18}},"2":{"start":{"line":5,"column":2},"end":{"line":5,"column":68}},"3":{"start":{"line":8,"column":0},"end":{"line":8,"column":25}}},"fnMap":{"0":{"name":"isAdmin","decl":{"start":{"line":1,"column":9},"end":{"line":1,"column":16}},"loc":{"start":{"line":1,"column":33},"end":{"line":6,"column":1}},"line":1}},"branchMap":{"0":{"loc":{"start":{"line":2,"column":2},"end":{"line":4,"column":3}},"type":"if","locations":[{"start":{"line":2,"column":2},"end":{"line":4,"column":3}},{"start":{},"end":{}}],"line":2},"1":{"loc":{"start":{"line":2,"column":6},"end":{"line":2,"column":43}},"type":"binary-expr","locations":[{"start":{"line":2,"column":6},"end":{"line":2,"column":14}},{"start":{"line":2,"column":18},"end":{"line":2,"column":43}}],"line":2}},"s":{"0":4,"1":4,"2":0,"3":2},"f":{"0":4},"b":{"0":[4,0],"1":[4,4]},"_coverageSchema":"1a1c01bbd47fc00a2c39e90264f33305004495a9","hash":"78a38193fa8b84f5a33c2cdc60ab384652bb2625"}
,"C:\\Users\\VISHAL\\Desktop\\vishal\\Sweet-Shop-Management-System\\sweet-shop-backend\\src\\models\\Sweet.js": {"path":"C:\\Users\\VISHAL\\Desktop\\vishal\\Sweet-Shop-Management-System\\sweet-shop-backend\\src\\models\\Sweet.js","statementMap":{"0":{"start":{"line":1,"column":17},"end":{"line":1,"column":36}},"1":{"start":{"line":3,"column":20},"end":{"line":30,"column":1}},"2":{"start":{"line":32,"column":14},"end":{"line":32,"column":50}},"3":{"start":{"line":34,"column":0},"end":{"line":34,"column":23}}},"fnMap":{},"branchMap":{},"s":{"0":2,"1":2,"2":2,"3":2},"f":{},"b":{},"_coverageSchema":"1a1c01bbd47fc00a2c39e90264f33305004495a9","hash":"05a40a9ec1e96eb3970f8ab6cf709f07e399e644"}
,"C:\\Users\\VISHAL\\Desktop\\vishal\\Sweet-Shop-Management-System\\sweet-shop-backend\\src\\models\\User.js": {"path":"C:\\Users\\VISHAL\\Desktop\\vishal\\Sweet-Shop-Management-System\\sweet-shop-backend\\src\\models\\User.js","statementMap":{"0":{"start":{"line":1,"column":17},"end":{"line":1,"column":36}},"1":{"start":{"line":2,"column":15},"end":{"line":2,"column":34}},"2":{"start":{"line":4,"column":19},"end":{"line":28,"column":1}},"3":{"start":{"line":37,"column":0},"end":{"line":47,"column":3}},"4":{"start":{"line":39,"column":4},"end":{"line":39,"column":45}},"5":{"start":{"line":39,"column":38},"end":{"line":39,"column":45}},"6":{"start":{"line":42,"column":17},"end":{"line":42,"column":41}},"7":{"start":{"line":43,"column":4},"end":{"line":43,"column":59}},"8":{"start":{"line":49,"column":0},"end":{"line":51,"column":2}},"9":{"start":{"line":50,"column":2},"end":{"line":50,"column":56}},"10":{"start":{"line":53,"column":13},"end":{"line":53,"column":47}},"11":{"start":{"line":55,"column":0},"end":{"line":55,"column":22}}},"fnMap":{"0":{"name":"(anonymous_0)","decl":{"start":{"line":37,"column":23},"end":{"line":37,"column":24}},"loc":{"start":{"line":37,"column":41},"end":{"line":47,"column":1}},"line":37},"1":{"name":"(anonymous_1)","decl":{"start":{"line":49,"column":35},"end":{"line":49,"column":36}},"loc":{"start":{"line":49,"column":62},"end":{"line":51,"column":1}},"line":49}},"branchMap":{"0":{"loc":{"start":{"line":39,"column":4},"end":{"line":39,"column":45}},"type":"if","locations":[{"start":{"line":39,"column":4},"end":{"line":39,"column":45}},{"start":{},"end":{}}],"line":39}},"s":{"0":2,"1":2,"2":2,"3":2,"4":2,"5":0,"6":2,"7":2,"8":2,"9":1,"10":2,"11":2},"f":{"0":2,"1":1},"b":{"0":[0,2]},"_coverageSchema":"1a1c01bbd47fc00a2c39e90264f33305004495a9","hash":"97d56ceed4f6f649852f8ec43d9a1293819ab07f"}
,"C:\\Users\\VISHAL\\Desktop\\vishal\\Sweet-Shop-Management-System\\sweet-shop-backend\\src\\routes\\authRoutes.js": {"path":"C:\\Users\\VISHAL\\Desktop\\vishal\\Sweet-Shop-Management-System\\sweet-shop-backend\\src\\routes\\authRoutes.js","statementMap":{"0":{"start":{"line":1,"column":16},"end":{"line":1,"column":34}},"1":{"start":{"line":2,"column":28},"end":{"line":2,"column":68}},"2":{"start":{"line":4,"column":15},"end":{"line":4,"column":31}},"3":{"start":{"line":6,"column":0},"end":{"line":6,"column":35}},"4":{"start":{"line":7,"column":0},"end":{"line":7,"column":29}},"5":{"start":{"line":9,"column":0},"end":{"line":9,"column":24}}},"fnMap":{},"branchMap":{},"s":{"0":2,"1":2,"2":2,"3":2,"4":2,"5":2},"f":{},"b":{},"_coverageSchema":"1a1c01bbd47fc00a2c39e90264f33305004495a9","hash":"8f8cd7820e11ac23419d9482ece62b5d58012411"}
,"C:\\Users\\VISHAL\\Desktop\\vishal\\Sweet-Shop-Management-System\\sweet-shop-backend\\src\\routes\\sweetRoutes.js": {"path":"C:\\Users\\VISHAL\\Desktop\\vishal\\Sweet-Shop-Management-System\\sweet-shop-backend\\src\\routes\\sweetRoutes.js","statementMap":{"0":{"start":{"line":33,"column":16},"end":{"line":33,"column":34}},"1":{"start":{"line":42,"column":4},"end":{"line":42,"column":45}},"2":{"start":{"line":43,"column":16},"end":{"line":43,"column":45}},"3":{"start":{"line":44,"column":16},"end":{"line":44,"column":48}},"4":{"start":{"line":46,"column":15},"end":{"line":46,"column":31}},"5":{"start":{"line":50,"column":0},"end":{"line":50,"column":20}},"6":{"start":{"line":53,"column":0},"end":{"line":53,"column":39}},"7":{"start":{"line":56,"column":0},"end":{"line":56,"column":27}},"8":{"start":{"line":57,"column":0},"end":{"line":57,"column":36}},"9":{"start":{"line":60,"column":0},"end":{"line":60,"column":41}},"10":{"start":{"line":63,"column":0},"end":{"line":63,"column":44}},"11":{"start":{"line":66,"column":0},"end":{"line":66,"column":44}},"12":{"start":{"line":67,"column":0},"end":{"line":67,"column":51}},"13":{"start":{"line":69,"column":0},"end":{"line":69,"column":24}}},"fnMap":{},"branchMap":{},"s":{"0":2,"1":2,"2":2,"3":2,"4":2,"5":2,"6":2,"7":2,"8":2,"9":2,"10":2,"11":2,"12":2,"13":2},"f":{},"b":{},"_coverageSchema":"1a1c01bbd47fc00a2c39e90264f33305004495a9","hash":"daa237522bdea428b0354561d91e8b6656c7c943"}
,"C:\\Users\\VISHAL\\Desktop\\vishal\\Sweet-Shop-Management-System\\sweet-shop-backend\\src\\utils\\generateToken.js": {"path":"C:\\Users\\VISHAL\\Desktop\\vishal\\Sweet-Shop-Management-System\\sweet-shop-backend\\src\\utils\\generateToken.js","statementMap":{"0":{"start":{"line":1,"column":12},"end":{"line":1,"column":35}},"1":{"start":{"line":4,"column":2},"end":{"line":6,"column":3}},"2":{"start":{"line":5,"column":4},"end":{"line":5,"column":49}},"3":{"start":{"line":7,"column":2},"end":{"line":7,"column":79}},"4":{"start":{"line":10,"column":0},"end":{"line":10,"column":31}}},"fnMap":{"0":{"name":"generateToken","decl":{"start":{"line":3,"column":9},"end":{"line":3,"column":22}},"loc":{"start":{"line":3,"column":31},"end":{"line":8,"column":1}},"line":3}},"branchMap":{"0":{"loc":{"start":{"line":4,"column":2},"end":{"line":6,"column":3}},"type":"if","locations":[{"start":{"line":4,"column":2},"end":{"line":6,"column":3}},{"start":{},"end":{}}],"line":4}},"s":{"0":2,"1":3,"2":0,"3":3,"4":2},"f":{"0":3},"b":{"0":[0,3]},"_coverageSchema":"1a1c01bbd47fc00a2c39e90264f33305004495a9","hash":"7f3681190f750158095d67537c59cd6b750e4bf8"}
}
