TN:
SF:src\app.js
FN:15,(anonymous_0)
FNF:1
FNH:0
FNDA:0,(anonymous_0)
DA:4,2
DA:5,2
DA:6,2
DA:7,2
DA:8,2
DA:10,2
DA:12,2
DA:13,2
DA:15,2
DA:16,0
DA:19,2
DA:20,2
DA:21,2
DA:23,2
LF:14
LH:13
BRF:0
BRH:0
end_of_record
TN:
SF:src\config\db.js
FN:3,(anonymous_0)
FNF:1
FNH:1
FNDA:2,(anonymous_0)
DA:1,2
DA:3,2
DA:4,2
DA:5,2
DA:6,2
DA:7,0
DA:9,2
DA:10,2
DA:12,0
DA:13,0
DA:17,2
LF:11
LH:8
BRDA:6,0,0,0
BRDA:6,0,1,2
BRF:2
BRH:1
end_of_record
TN:
SF:src\controllers\authController.js
FN:5,register
FN:38,login
FNF:2
FNH:2
FNDA:2,register
FNDA:1,login
DA:1,2
DA:2,2
DA:6,2
DA:7,2
DA:9,2
DA:10,0
DA:13,2
DA:14,2
DA:15,1
DA:18,1
DA:25,1
DA:34,0
DA:39,1
DA:40,1
DA:41,1
DA:42,0
DA:45,1
DA:46,1
DA:47,0
DA:50,1
DA:59,0
DA:63,2
LF:22
LH:17
BRDA:9,0,0,0
BRDA:9,0,1,2
BRDA:9,1,0,2
BRDA:9,1,1,2
BRDA:9,1,2,2
BRDA:14,2,0,1
BRDA:14,2,1,1
BRDA:22,3,0,0
BRDA:22,3,1,1
BRDA:41,4,0,0
BRDA:41,4,1,1
BRDA:41,5,0,1
BRDA:41,5,1,1
BRDA:46,6,0,0
BRDA:46,6,1,1
BRDA:46,7,0,1
BRDA:46,7,1,1
BRF:17
BRH:13
end_of_record
TN:
SF:src\controllers\sweetController.js
FN:3,createSweet
FN:32,getSweets
FN:42,searchSweets
FN:78,updateSweet
FN:95,deleteSweet
FN:109,purchaseSweet
FN:133,restockSweet
FNF:7
FNH:5
FNDA:2,createSweet
FNDA:3,getSweets
FNDA:1,searchSweets
FNDA:1,updateSweet
FNDA:1,deleteSweet
FNDA:0,purchaseSweet
FNDA:0,restockSweet
DA:1,2
DA:4,2
DA:5,2
DA:7,2
DA:8,0
DA:11,2
DA:12,2
DA:13,0
DA:16,2
DA:25,2
DA:27,0
DA:28,0
DA:33,3
DA:34,3
DA:35,3
DA:37,0
DA:38,0
DA:43,1
DA:45,1
DA:48,1
DA:52,1
DA:53,1
DA:58,1
DA:59,0
DA:63,1
DA:64,0
DA:65,0
DA:66,0
DA:70,1
DA:71,1
DA:73,0
DA:74,0
DA:79,1
DA:80,1
DA:81,1
DA:83,1
DA:84,1
DA:85,0
DA:88,1
DA:90,0
DA:91,0
DA:96,1
DA:97,1
DA:98,1
DA:99,1
DA:100,0
DA:102,1
DA:104,0
DA:105,0
DA:110,0
DA:111,0
DA:112,0
DA:113,0
DA:115,0
DA:116,0
DA:117,0
DA:119,0
DA:120,0
DA:123,0
DA:124,0
DA:126,0
DA:128,0
DA:129,0
DA:134,0
DA:135,0
DA:136,0
DA:137,0
DA:139,0
DA:140,0
DA:141,0
DA:144,0
DA:145,0
DA:147,0
DA:149,0
DA:150,0
DA:154,2
LF:76
LH:32
BRDA:7,0,0,0
BRDA:7,0,1,2
BRDA:7,1,0,2
BRDA:7,1,1,2
BRDA:7,1,2,2
BRDA:7,1,3,2
BRDA:12,2,0,0
BRDA:12,2,1,2
BRDA:52,3,0,1
BRDA:52,3,1,0
BRDA:58,4,0,0
BRDA:58,4,1,1
BRDA:63,5,0,0
BRDA:63,5,1,1
BRDA:63,6,0,1
BRDA:63,6,1,1
BRDA:65,7,0,0
BRDA:65,7,1,0
BRDA:66,8,0,0
BRDA:66,8,1,0
BRDA:84,9,0,0
BRDA:84,9,1,1
BRDA:99,10,0,0
BRDA:99,10,1,1
BRDA:113,11,0,0
BRDA:113,11,1,0
BRDA:116,12,0,0
BRDA:116,12,1,0
BRDA:119,13,0,0
BRDA:119,13,1,0
BRDA:137,14,0,0
BRDA:137,14,1,0
BRDA:140,15,0,0
BRDA:140,15,1,0
BRF:34
BRH:13
end_of_record
TN:
SF:src\middleware\auth.js
FN:4,protect
FNF:1
FNH:1
FNDA:9,protect
DA:1,2
DA:2,2
DA:5,9
DA:7,9
DA:8,9
DA:9,8
DA:12,9
DA:13,1
DA:16,8
DA:17,8
DA:18,8
DA:19,8
DA:20,0
DA:22,8
DA:23,8
DA:25,0
DA:26,0
DA:30,2
LF:18
LH:15
BRDA:8,0,0,8
BRDA:8,0,1,1
BRDA:8,1,0,9
BRDA:8,1,1,8
BRDA:12,2,0,1
BRDA:12,2,1,8
BRDA:19,3,0,0
BRDA:19,3,1,8
BRF:8
BRH:7
end_of_record
TN:
SF:src\middleware\errorHandler.js
FN:1,errorHandler
FNF:1
FNH:0
FNDA:0,errorHandler
DA:2,0
DA:3,0
DA:4,0
DA:9,2
LF:4
LH:1
BRDA:3,0,0,0
BRDA:3,0,1,0
BRDA:5,1,0,0
BRDA:5,1,1,0
BRF:4
BRH:0
end_of_record
TN:
SF:src\middleware\isAdmin.js
FN:1,isAdmin
FNF:1
FNH:1
FNDA:4,isAdmin
DA:2,4
DA:3,4
DA:5,0
DA:8,2
LF:4
LH:3
BRDA:2,0,0,4
BRDA:2,0,1,0
BRDA:2,1,0,4
BRDA:2,1,1,4
BRF:4
BRH:3
end_of_record
TN:
SF:src\models\Sweet.js
FNF:0
FNH:0
DA:1,2
DA:3,2
DA:32,2
DA:34,2
LF:4
LH:4
BRF:0
BRH:0
end_of_record
TN:
SF:src\models\User.js
FN:37,(anonymous_0)
FN:49,(anonymous_1)
FNF:2
FNH:2
FNDA:2,(anonymous_0)
FNDA:1,(anonymous_1)
DA:1,2
DA:2,2
DA:4,2
DA:37,2
DA:39,2
DA:42,2
DA:43,2
DA:49,2
DA:50,1
DA:53,2
DA:55,2
LF:11
LH:11
BRDA:39,0,0,0
BRDA:39,0,1,2
BRF:2
BRH:1
end_of_record
TN:
SF:src\routes\authRoutes.js
FNF:0
FNH:0
DA:1,2
DA:2,2
DA:4,2
DA:6,2
DA:7,2
DA:9,2
LF:6
LH:6
BRF:0
BRH:0
end_of_record
TN:
SF:src\routes\sweetRoutes.js
FNF:0
FNH:0
DA:33,2
DA:42,2
DA:43,2
DA:44,2
DA:46,2
DA:50,2
DA:53,2
DA:56,2
DA:57,2
DA:60,2
DA:63,2
DA:66,2
DA:67,2
DA:69,2
LF:14
LH:14
BRF:0
BRH:0
end_of_record
TN:
SF:src\utils\generateToken.js
FN:3,generateToken
FNF:1
FNH:1
FNDA:3,generateToken
DA:1,2
DA:4,3
DA:5,0
DA:7,3
DA:10,2
LF:5
LH:4
BRDA:4,0,0,0
BRDA:4,0,1,3
BRF:2
BRH:1
end_of_record
